<?xml version="1.0" encoding="UTF-8"?>
<coverage generated="1574930703525" clover="3.2.0">
  <project timestamp="1574930703525" name="All files">
    <metrics statements="18" coveredstatements="17" conditionals="11" coveredconditionals="9" methods="4" coveredmethods="4" elements="33" coveredelements="30" complexity="0" loc="18" ncloc="18" packages="1" files="2" classes="2"/>
    <file name="coverage.js" path="/Users/jonasstattin/Develop/javascript4/examples/coverage/src/coverage.js">
      <metrics statements="14" coveredstatements="13" conditionals="7" coveredconditionals="5" methods="3" coveredmethods="3"/>
      <line num="2" count="1" type="stmt"/>
      <line num="3" count="1" type="cond" truecount="1" falsecount="1"/>
      <line num="4" count="1" type="stmt"/>
      <line num="7" count="1" type="stmt"/>
      <line num="12" count="1" type="cond" truecount="1" falsecount="1"/>
      <line num="13" count="0" type="stmt"/>
      <line num="15" count="1" type="stmt"/>
      <line num="20" count="3" type="stmt"/>
      <line num="21" count="3" type="cond" truecount="3" falsecount="0"/>
      <line num="23" count="1" type="stmt"/>
      <line num="24" count="1" type="stmt"/>
      <line num="26" count="1" type="stmt"/>
      <line num="28" count="2" type="stmt"/>
      <line num="30" count="3" type="stmt"/>
    </file>
    <file name="sum.js" path="/Users/jonasstattin/Develop/javascript4/examples/coverage/src/sum.js">
      <metrics statements="4" coveredstatements="4" conditionals="4" coveredconditionals="4" methods="1" coveredmethods="1"/>
      <line num="1" count="1" type="stmt"/>
      <line num="2" count="2" type="cond" truecount="4" falsecount="0"/>
      <line num="3" count="1" type="stmt"/>
      <line num="5" count="1" type="stmt"/>
    </file>
  </project>
</coverage>
