TN:
SF:/Users/jonasstattin/Develop/javascript4/examples/coverage/src/coverage.js
FN:1,localFunction1
FN:11,localFunction2
FN:19,functionWithBranches
FNF:3
FNH:3
FNDA:1,localFunction1
FNDA:1,localFunction2
FNDA:3,functionWithBranches
DA:2,1
DA:3,1
DA:4,1
DA:7,1
DA:12,1
DA:13,0
DA:15,1
DA:20,3
DA:21,3
DA:23,1
DA:24,1
DA:26,1
DA:28,2
DA:30,3
LF:14
LH:13
BRDA:3,0,0,1
BRDA:3,0,1,0
BRDA:12,1,0,0
BRDA:12,1,1,1
BRDA:21,2,0,1
BRDA:21,2,1,1
BRDA:21,2,2,2
BRF:7
BRH:5
end_of_record
TN:
SF:/Users/jonasstattin/Develop/javascript4/examples/coverage/src/sum.js
FN:1,(anonymous_0)
FNF:1
FNH:1
FNDA:2,(anonymous_0)
DA:1,1
DA:2,2
DA:3,1
DA:5,1
LF:4
LH:4
BRDA:2,0,0,1
BRDA:2,0,1,1
BRDA:2,1,0,2
BRDA:2,1,1,2
BRF:4
BRH:4
end_of_record
